<?xml version="1.0" encoding="UTF-8"?>
<testsuite xmlns:xsi="http://www.w3.org/2001/XMLSchema-instance" xsi:noNamespaceSchemaLocation="https://maven.apache.org/surefire/maven-surefire-plugin/xsd/surefire-test-report-3.0.xsd" version="3.0" name="Model.TripTest" time="0.184" tests="13" errors="0" skipped="0" failures="0">
  <properties>
[...]
</properties>
  <testcase name="nullFieldsTest(String)[1]" classname="Model.TripTest" time="0.056"/>
  <testcase name="nullFieldsTest(String)[2]" classname="Model.TripTest" time="0.001"/>
  <testcase name="nullFieldsTest(String)[3]" classname="Model.TripTest" time="0.002"/>
  <testcase name="wrongPriceTest(double)[1]" classname="Model.TripTest" time="0.008"/>
  <testcase name="wrongPriceTest(double)[2]" classname="Model.TripTest" time="0.001"/>
  <testcase name="wrongDateTest(String)[1]" classname="Model.TripTest" time="0.002"/>
  <testcase name="wrongDateTest(String)[2]" classname="Model.TripTest" time="0.001"/>
  <testcase name="wrongDateTest(String)[3]" classname="Model.TripTest" time="0.001"/>
  <testcase name="wrongDateTest(String)[4]" classname="Model.TripTest" time="0.002"/>
  <testcase name="wrongDateTest(String)[5]" classname="Model.TripTest" time="0.002"/>
  <testcase name="correctDataTest(String)[1]" classname="Model.TripTest" time="0.005"/>
  <testcase name="correctDataTest(String)[2]" classname="Model.TripTest" time="0.001"/>
  <testcase name="correctDataTest(String)[3]" classname="Model.TripTest" time="0.001"/>
</testsuite>